<?xml version="1.0" encoding="UTF-8"?>
<testng-results ignored="23" total="24" passed="0" failed="1" skipped="0">
  <reporter-output>
  </reporter-output>
  <suite started-at="2022-10-06T20:58:38 EDT" name="Default suite" finished-at="2022-10-06T20:58:45 EDT" duration-ms="7210">
    <groups>
    </groups>
    <test started-at="2022-10-06T20:58:38 EDT" name="Default test" finished-at="2022-10-06T20:58:45 EDT" duration-ms="7210">
      <class name="com.macys.HomePageTest">
        <test-method is-config="true" signature="setUp()[pri:0, instance:com.macys.HomePageTest@52b1beb6]" started-at="2022-10-06T20:58:38 EDT" name="setUp" finished-at="2022-10-06T20:58:44 EDT" duration-ms="6226" status="PASS">
          <reporter-output>
          </reporter-output>
        </test-method> <!-- setUp -->
        <test-method signature="setASpecificSizeOfWindow()[pri:0, instance:com.macys.HomePageTest@52b1beb6]" started-at="2022-10-06T20:58:44 EDT" name="setASpecificSizeOfWindow" finished-at="2022-10-06T20:58:44 EDT" duration-ms="9" status="FAIL">
          <exception class="java.lang.NullPointerException">
            <message>
              <![CDATA[Cannot read field "width" because "targetSize" is null]]>
            </message>
            <full-stacktrace>
              <![CDATA[java.lang.NullPointerException: Cannot read field "width" because "targetSize" is null
at org.openqa.selenium.remote.DriverCommand.SET_CURRENT_WINDOW_SIZE(DriverCommand.java:416)
at org.openqa.selenium.remote.RemoteWebDriver$RemoteWebDriverOptions$RemoteWindow.setSize(RemoteWebDriver.java:980)
at com.macys.HomePageTest.setASpecificSizeOfWindow(HomePageTest.java:171)
at java.base/jdk.internal.reflect.NativeMethodAccessorImpl.invoke0(Native Method)
at java.base/jdk.internal.reflect.NativeMethodAccessorImpl.invoke(NativeMethodAccessorImpl.java:77)
at java.base/jdk.internal.reflect.DelegatingMethodAccessorImpl.invoke(DelegatingMethodAccessorImpl.java:43)
at java.base/java.lang.reflect.Method.invoke(Method.java:568)
at org.testng.internal.invokers.MethodInvocationHelper.invokeMethod(MethodInvocationHelper.java:139)
at org.testng.internal.invokers.TestInvoker.invokeMethod(TestInvoker.java:677)
at org.testng.internal.invokers.TestInvoker.invokeTestMethod(TestInvoker.java:221)
at org.testng.internal.invokers.MethodRunner.runInSequence(MethodRunner.java:50)
at org.testng.internal.invokers.TestInvoker$MethodInvocationAgent.invoke(TestInvoker.java:962)
at org.testng.internal.invokers.TestInvoker.invokeTestMethods(TestInvoker.java:194)
at org.testng.internal.invokers.TestMethodWorker.invokeTestMethods(TestMethodWorker.java:148)
at org.testng.internal.invokers.TestMethodWorker.run(TestMethodWorker.java:128)
at java.base/java.util.ArrayList.forEach(ArrayList.java:1511)
at org.testng.TestRunner.privateRun(TestRunner.java:806)
at org.testng.TestRunner.run(TestRunner.java:601)
at org.testng.SuiteRunner.runTest(SuiteRunner.java:433)
at org.testng.SuiteRunner.runSequentially(SuiteRunner.java:427)
at org.testng.SuiteRunner.privateRun(SuiteRunner.java:387)
at org.testng.SuiteRunner.run(SuiteRunner.java:330)
at org.testng.SuiteRunnerWorker.runSuite(SuiteRunnerWorker.java:52)
at org.testng.SuiteRunnerWorker.run(SuiteRunnerWorker.java:95)
at org.testng.TestNG.runSuitesSequentially(TestNG.java:1256)
at org.testng.TestNG.runSuitesLocally(TestNG.java:1176)
at org.testng.TestNG.runSuites(TestNG.java:1099)
at org.testng.TestNG.run(TestNG.java:1067)
at org.testng.remote.AbstractRemoteTestNG.run(AbstractRemoteTestNG.java:115)
at org.testng.remote.RemoteTestNG.initAndRun(RemoteTestNG.java:251)
at org.testng.remote.RemoteTestNG.main(RemoteTestNG.java:77)
]]>
            </full-stacktrace>
          </exception> <!-- java.lang.NullPointerException -->
          <reporter-output>
          </reporter-output>
        </test-method> <!-- setASpecificSizeOfWindow -->
        <test-method is-config="true" signature="tearUp()[pri:0, instance:com.macys.HomePageTest@52b1beb6]" started-at="2022-10-06T20:58:44 EDT" name="tearUp" finished-at="2022-10-06T20:58:45 EDT" duration-ms="943" status="PASS">
          <reporter-output>
          </reporter-output>
        </test-method> <!-- tearUp -->
      </class> <!-- com.macys.HomePageTest -->
    </test> <!-- Default test -->
  </suite> <!-- Default suite -->
</testng-results>
